Arguments: 
  /usr/local/Cellar/node/10.0.0/bin/node /usr/local/Cellar/yarn/1.5.1_1/libexec/bin/yarn.js watchAst

PATH: 
  /Library/Frameworks/Python.framework/Versions/3.6/bin:/Library/Frameworks/Python.framework/Versions/2.7/bin:/Users/krisnye/Downloads/google-cloud-sdk/bin:/usr/local/bin:/usr/bin:/bin:/usr/sbin:/sbin:/Library/Frameworks/Mono.framework/Versions/Current/Commands

Yarn version: 
  1.5.1

Node version: 
  10.1.0

Platform: 
  darwin x64

npm manifest: 
  {
      "name": "ion2boot",
      "version": "1.9.0",
      "main": "lib/index",
      "repository": "https://github.com/krisnye/ion.git",
      "bin": "lib/command.js",
      "scripts": {
          "dev": "npm link pegs && yarn install && mkdir -p lib",
          "build": "pegs src/parser.pegs lib/parser.js && tsc -p .",
          "clean": "rm -rf node_modules && rm -rf lib",
          "watchAst": "ion2boot ionsrc src/ast.js",
          "watchBuild": "nodemon --ignore test/lib -w src/parser.pegs -x pegs src/parser.pegs lib/parser.js & tsc -p . --watch",
          "watchTest": "nodemon --ignore test/lib -w lib -w test -e js,ion lib/command.js test/lib test/src",
          "watchDebug": "nodemon --ignore test/lib -w lib -w test -e js,ion --inspect-brk lib/command.js test/lib test/src",
          "watch": "yarn watchBuild & yarn watchTest",
          "debug": "yarn watchBuild & yarn watchDebug"
      },
      "author": {
          "name": "Kris Nye",
          "email": "krisnye@gmail.com"
      },
      "contributors": [
          {
              "name": "Kody King"
          }
      ],
      "bugs": {
          "url": "https://github.com/krisnye/ionic/issues"
      },
      "homepage": "https://github.com/krisnye/ion",
      "dependencies": {
          "text-diff": "^1.0.1"
      },
      "devDependencies": {
          "@types/escodegen": "^0.0.6",
          "@types/node": "^7.0.22",
          "escodegen": "^1.8.1",
          "jsondiffpatch": "^0.2.4",
          "pegs": "*"
      }
  }

yarn manifest: 
  No manifest

Lockfile: 
  # THIS IS AN AUTOGENERATED FILE. DO NOT EDIT THIS FILE DIRECTLY.
  # yarn lockfile v1
  
  
  "@types/escodegen@^0.0.6":
    version "0.0.6"
    resolved "https://registry.yarnpkg.com/@types/escodegen/-/escodegen-0.0.6.tgz#5230a9ce796e042cda6f086dbf19f22ea330659c"
  
  "@types/node@^7.0.22":
    version "7.0.39"
    resolved "https://registry.yarnpkg.com/@types/node/-/node-7.0.39.tgz#8aced4196387038113f6f9aa4014ab4c51edab3c"
  
  amdefine@>=0.0.4:
    version "1.0.1"
    resolved "https://registry.yarnpkg.com/amdefine/-/amdefine-1.0.1.tgz#4a5282ac164729e93619bcfd3ad151f817ce91f5"
  
  ansi-regex@^0.2.0, ansi-regex@^0.2.1:
    version "0.2.1"
    resolved "https://registry.yarnpkg.com/ansi-regex/-/ansi-regex-0.2.1.tgz#0d8e946967a3d8143f93e24e298525fc1b2235f9"
  
  ansi-styles@^1.1.0:
    version "1.1.0"
    resolved "https://registry.yarnpkg.com/ansi-styles/-/ansi-styles-1.1.0.tgz#eaecbf66cd706882760b2f4691582b8f55d7a7de"
  
  chalk@^0.5.1:
    version "0.5.1"
    resolved "https://registry.yarnpkg.com/chalk/-/chalk-0.5.1.tgz#663b3a648b68b55d04690d49167aa837858f2174"
    dependencies:
      ansi-styles "^1.1.0"
      escape-string-regexp "^1.0.0"
      has-ansi "^0.1.0"
      strip-ansi "^0.3.0"
      supports-color "^0.2.0"
  
  deep-is@~0.1.3:
    version "0.1.3"
    resolved "https://registry.yarnpkg.com/deep-is/-/deep-is-0.1.3.tgz#b369d6fb5dbc13eecf524f91b070feedc357cf34"
  
  escape-string-regexp@^1.0.0:
    version "1.0.5"
    resolved "https://registry.yarnpkg.com/escape-string-regexp/-/escape-string-regexp-1.0.5.tgz#1b61c0562190a8dff6ae3bb2cf0200ca130b86d4"
  
  escodegen@^1.8.1:
    version "1.8.1"
    resolved "https://registry.yarnpkg.com/escodegen/-/escodegen-1.8.1.tgz#5a5b53af4693110bebb0867aa3430dd3b70a1018"
    dependencies:
      esprima "^2.7.1"
      estraverse "^1.9.1"
      esutils "^2.0.2"
      optionator "^0.8.1"
    optionalDependencies:
      source-map "~0.2.0"
  
  esprima@^2.7.1:
    version "2.7.3"
    resolved "https://registry.yarnpkg.com/esprima/-/esprima-2.7.3.tgz#96e3b70d5779f6ad49cd032673d1c312767ba581"
  
  estraverse@^1.9.1:
    version "1.9.3"
    resolved "https://registry.yarnpkg.com/estraverse/-/estraverse-1.9.3.tgz#af67f2dc922582415950926091a4005d29c9bb44"
  
  esutils@^2.0.2:
    version "2.0.2"
    resolved "https://registry.yarnpkg.com/esutils/-/esutils-2.0.2.tgz#0abf4f1caa5bcb1f7a9d8acc6dea4faaa04bac9b"
  
  fast-levenshtein@~2.0.4:
    version "2.0.6"
    resolved "https://registry.yarnpkg.com/fast-levenshtein/-/fast-levenshtein-2.0.6.tgz#3d8a5c66883a16a30ca8643e851f19baa7797917"
  
  has-ansi@^0.1.0:
    version "0.1.0"
    resolved "https://registry.yarnpkg.com/has-ansi/-/has-ansi-0.1.0.tgz#84f265aae8c0e6a88a12d7022894b7568894c62e"
    dependencies:
      ansi-regex "^0.2.0"
  
  jsondiffpatch@^0.2.4:
    version "0.2.4"
    resolved "https://registry.yarnpkg.com/jsondiffpatch/-/jsondiffpatch-0.2.4.tgz#d4b6c53b3fc7da1b4b91c1c2aec8b932b7511d5c"
    dependencies:
      chalk "^0.5.1"
  
  levn@~0.3.0:
    version "0.3.0"
    resolved "https://registry.yarnpkg.com/levn/-/levn-0.3.0.tgz#3b09924edf9f083c0490fdd4c0bc4421e04764ee"
    dependencies:
      prelude-ls "~1.1.2"
      type-check "~0.3.2"
  
  optionator@^0.8.1:
    version "0.8.2"
    resolved "https://registry.yarnpkg.com/optionator/-/optionator-0.8.2.tgz#364c5e409d3f4d6301d6c0b4c05bba50180aeb64"
    dependencies:
      deep-is "~0.1.3"
      fast-levenshtein "~2.0.4"
      levn "~0.3.0"
      prelude-ls "~1.1.2"
      type-check "~0.3.2"
      wordwrap "~1.0.0"
  
  pegs@*:
    version "0.1.0"
    resolved "https://registry.yarnpkg.com/pegs/-/pegs-0.1.0.tgz#b2cf4d7f0967ca740714d5938d3002dfc7b74f8a"
  
  prelude-ls@~1.1.2:
    version "1.1.2"
    resolved "https://registry.yarnpkg.com/prelude-ls/-/prelude-ls-1.1.2.tgz#21932a549f5e52ffd9a827f570e04be62a97da54"
  
  source-map@~0.2.0:
    version "0.2.0"
    resolved "https://registry.yarnpkg.com/source-map/-/source-map-0.2.0.tgz#dab73fbcfc2ba819b4de03bd6f6eaa48164b3f9d"
    dependencies:
      amdefine ">=0.0.4"
  
  strip-ansi@^0.3.0:
    version "0.3.0"
    resolved "https://registry.yarnpkg.com/strip-ansi/-/strip-ansi-0.3.0.tgz#25f48ea22ca79187f3174a4db8759347bb126220"
    dependencies:
      ansi-regex "^0.2.1"
  
  supports-color@^0.2.0:
    version "0.2.0"
    resolved "https://registry.yarnpkg.com/supports-color/-/supports-color-0.2.0.tgz#d92de2694eb3f67323973d7ae3d8b55b4c22190a"
  
  text-diff@^1.0.1:
    version "1.0.1"
    resolved "https://registry.yarnpkg.com/text-diff/-/text-diff-1.0.1.tgz#6c105905435e337857375c9d2f6ca63e453ff565"
  
  type-check@~0.3.2:
    version "0.3.2"
    resolved "https://registry.yarnpkg.com/type-check/-/type-check-0.3.2.tgz#5884cab512cf1d355e3fb784f30804b2b520db72"
    dependencies:
      prelude-ls "~1.1.2"
  
  wordwrap@~1.0.0:
    version "1.0.0"
    resolved "https://registry.yarnpkg.com/wordwrap/-/wordwrap-1.0.0.tgz#27584810891456a4171c8d0226441ade90cbcaeb"

Trace: 
  Error: Command failed.
  Exit code: 1
  Command: sh
  Arguments: -c ion2boot ionsrc src/ast.js
  Directory: /Users/krisnye/Projects/language/ion
  Output:
  
      at ProcessTermError.MessageError (/usr/local/Cellar/yarn/1.5.1_1/libexec/lib/cli.js:186:110)
      at new ProcessTermError (/usr/local/Cellar/yarn/1.5.1_1/libexec/lib/cli.js:226:113)
      at ChildProcess.<anonymous> (/usr/local/Cellar/yarn/1.5.1_1/libexec/lib/cli.js:30281:17)
      at ChildProcess.emit (events.js:182:13)
      at maybeClose (internal/child_process.js:957:16)
      at Process.ChildProcess._handle.onexit (internal/child_process.js:246:5)
